0 info it worked if it ends with ok
1 verbose cli [ 'C:\\Program Files\\nodejs\\\\node.exe',
1 verbose cli   'C:\\Program Files\\nodejs\\node_modules\\npm\\bin\\npm-cli.js',
1 verbose cli   'install',
1 verbose cli   'everlive-sdk',
1 verbose cli   '-save' ]
2 info using npm@2.11.3
3 info using node@v0.12.7
4 verbose install initial load of C:\Users\User\Desktop\TeamWork\CareAndShare-NativeScript\package.json
5 warn package.json @ No repository field.
6 warn package.json @ No license field.
7 verbose installManyTop reading scoped package data from C:\Users\User\Desktop\TeamWork\CareAndShare-NativeScript\node_modules\babel-runtime\package.json
8 verbose installManyTop reading scoped package data from C:\Users\User\Desktop\TeamWork\CareAndShare-NativeScript\node_modules\core-js\package.json
9 verbose installManyTop reading scoped package data from C:\Users\User\Desktop\TeamWork\CareAndShare-NativeScript\node_modules\tns-core-modules\package.json
10 verbose installManyTop reading scoped package data from C:\Users\User\Desktop\TeamWork\CareAndShare-NativeScript\node_modules\xmlhttprequest\package.json
11 verbose readDependencies loading dependencies from C:\Users\User\Desktop\TeamWork\CareAndShare-NativeScript\package.json
12 silly cache add args [ 'everlive-sdk', null ]
13 verbose cache add spec everlive-sdk
14 silly cache add parsed spec { raw: 'everlive-sdk',
14 silly cache add   scope: null,
14 silly cache add   name: 'everlive-sdk',
14 silly cache add   rawSpec: '',
14 silly cache add   spec: '*',
14 silly cache add   type: 'range' }
15 silly addNamed everlive-sdk@*
16 verbose addNamed "*" is a valid semver range for everlive-sdk
17 silly addNameRange { name: 'everlive-sdk', range: '*', hasData: false }
18 silly mapToRegistry name everlive-sdk
19 silly mapToRegistry using default registry
20 silly mapToRegistry registry https://registry.npmjs.org/
21 silly mapToRegistry uri https://registry.npmjs.org/everlive-sdk
22 verbose addNameRange registry:https://registry.npmjs.org/everlive-sdk not in flight; fetching
23 verbose request uri https://registry.npmjs.org/everlive-sdk
24 verbose request no auth needed
25 info attempt registry request try #1 at 21:37:01
26 verbose request id ac404afcd9f20201
27 http request GET https://registry.npmjs.org/everlive-sdk
28 http 200 https://registry.npmjs.org/everlive-sdk
29 silly get cb [ 200,
29 silly get   { server: 'CouchDB/1.5.0 (Erlang OTP/R16B03)',
29 silly get     etag: '"19JQFMP9R15JP70HLAMV0Z0HA"',
29 silly get     'content-type': 'application/json',
29 silly get     'cache-control': 'max-age=300',
29 silly get     'content-length': '56480',
29 silly get     'accept-ranges': 'bytes',
29 silly get     date: 'Tue, 16 Feb 2016 19:37:14 GMT',
29 silly get     via: '1.1 varnish',
29 silly get     age: '0',
29 silly get     connection: 'keep-alive',
29 silly get     'x-served-by': 'cache-ams4127-AMS',
29 silly get     'x-cache': 'MISS',
29 silly get     'x-cache-hits': '0',
29 silly get     'x-timer': 'S1455651433.216960,VS0,VE1031',
29 silly get     vary: 'Accept' } ]
30 verbose get saving everlive-sdk to C:\Users\User\AppData\Roaming\npm-cache\registry.npmjs.org\everlive-sdk\.cache.json
31 silly addNameRange number 2 { name: 'everlive-sdk', range: '*', hasData: true }
32 silly addNameRange versions [ 'everlive-sdk',
32 silly addNameRange   [ '1.1.4',
32 silly addNameRange     '1.1.5',
32 silly addNameRange     '1.1.6',
32 silly addNameRange     '1.1.8',
32 silly addNameRange     '1.1.9',
32 silly addNameRange     '1.2.0',
32 silly addNameRange     '1.2.1',
32 silly addNameRange     '1.2.2',
32 silly addNameRange     '1.2.3',
32 silly addNameRange     '1.2.4',
32 silly addNameRange     '1.2.6',
32 silly addNameRange     '1.2.7',
32 silly addNameRange     '1.2.8',
32 silly addNameRange     '1.2.9',
32 silly addNameRange     '1.2.10',
32 silly addNameRange     '1.2.11',
32 silly addNameRange     '1.2.12',
32 silly addNameRange     '1.2.13',
32 silly addNameRange     '1.2.14',
32 silly addNameRange     '1.3.2',
32 silly addNameRange     '1.3.3',
32 silly addNameRange     '1.3.4',
32 silly addNameRange     '1.3.5',
32 silly addNameRange     '1.4.0',
32 silly addNameRange     '1.4.1',
32 silly addNameRange     '1.5.1',
32 silly addNameRange     '1.5.2',
32 silly addNameRange     '1.5.3',
32 silly addNameRange     '1.5.4',
32 silly addNameRange     '1.5.5',
32 silly addNameRange     '1.5.6',
32 silly addNameRange     '1.5.7',
32 silly addNameRange     '1.5.8',
32 silly addNameRange     '1.6.0',
32 silly addNameRange     '1.6.1',
32 silly addNameRange     '1.6.2',
32 silly addNameRange     '1.6.3',
32 silly addNameRange     '1.6.4',
32 silly addNameRange     '1.6.5',
32 silly addNameRange     '1.6.6' ] ]
33 silly addNamed everlive-sdk@1.6.6
34 verbose addNamed "1.6.6" is a plain semver version for everlive-sdk
35 silly mapToRegistry name everlive-sdk
36 silly mapToRegistry using default registry
37 silly mapToRegistry registry https://registry.npmjs.org/
38 silly mapToRegistry uri https://registry.npmjs.org/everlive-sdk
39 verbose addRemoteTarball https://registry.npmjs.org/everlive-sdk/-/everlive-sdk-1.6.6.tgz not in flight; adding
40 verbose addRemoteTarball [ 'https://registry.npmjs.org/everlive-sdk/-/everlive-sdk-1.6.6.tgz',
40 verbose addRemoteTarball   'ba222f6f7d427df26841755e4e38b26837b6af58' ]
41 info retry fetch attempt 1 at 21:37:02
42 info attempt registry request try #1 at 21:37:02
43 http fetch GET https://registry.npmjs.org/everlive-sdk/-/everlive-sdk-1.6.6.tgz
44 http fetch 200 https://registry.npmjs.org/everlive-sdk/-/everlive-sdk-1.6.6.tgz
45 silly fetchAndShaCheck shasum ba222f6f7d427df26841755e4e38b26837b6af58
46 verbose addTmpTarball C:\Users\User\AppData\Local\Temp\npm-3664-14ebe321\registry.npmjs.org\everlive-sdk\-\everlive-sdk-1.6.6.tgz not in flight; adding
47 verbose addTmpTarball already have metadata; skipping unpack for everlive-sdk@1.6.6
48 silly cache afterAdd everlive-sdk@1.6.6
49 verbose afterAdd C:\Users\User\AppData\Roaming\npm-cache\everlive-sdk\1.6.6\package\package.json not in flight; writing
50 verbose afterAdd C:\Users\User\AppData\Roaming\npm-cache\everlive-sdk\1.6.6\package\package.json written
51 silly install resolved [ { name: 'everlive-sdk',
51 silly install resolved     description: 'Everlive SDK for Node.js',
51 silly install resolved     author: { name: 'Telerik' },
51 silly install resolved     homepage: 'http://www.telerik.com/everlive',
51 silly install resolved     version: '1.6.6',
51 silly install resolved     nativescript: { platforms: [Object] },
51 silly install resolved     scripts: { test: 'grunt test' },
51 silly install resolved     dependencies:
51 silly install resolved      { jstimezonedetect: '1.0.5',
51 silly install resolved        mingo: 'github:vdininski/mingo',
51 silly install resolved        'mongo-query': '0.5.7',
51 silly install resolved        'node-cryptojs-aes': '0.4.0',
51 silly install resolved        'node-localstorage': '0.5.1',
51 silly install resolved        reqwest: '1.1.5',
51 silly install resolved        rsvp: '3.0.17',
51 silly install resolved        underscore: '1.8.2',
51 silly install resolved        'json-stable-stringify': '1.0.0' },
51 silly install resolved     engines: { node: '>=0.8.1' },
51 silly install resolved     private: false,
51 silly install resolved     main: './src/index.js',
51 silly install resolved     devDependencies:
51 silly install resolved      { async: '^0.9.0',
51 silly install resolved        browserify: '^9.0.3',
51 silly install resolved        chai: '2.1.0',
51 silly install resolved        cheerio: '^0.19.0',
51 silly install resolved        'fs-extra': '^0.18.0',
51 silly install resolved        grunt: '^0.4.5',
51 silly install resolved        'grunt-browserify': '^3.5.1',
51 silly install resolved        'grunt-contrib-compress': '^0.13.0',
51 silly install resolved        'grunt-contrib-concat': '^0.5.1',
51 silly install resolved        'grunt-contrib-connect': '0.10.1',
51 silly install resolved        'grunt-contrib-copy': '^0.8.0',
51 silly install resolved        'grunt-contrib-uglify': '^0.8.0',
51 silly install resolved        'grunt-contrib-watch': '^0.6.1',
51 silly install resolved        'grunt-env': '0.4.4',
51 silly install resolved        'grunt-exorcise': '^2.0.0',
51 silly install resolved        'grunt-file-append': '0.0.6',
51 silly install resolved        'grunt-mocha-phantomjs': '0.6.1',
51 silly install resolved        'grunt-shell-spawn': '^0.3.2',
51 silly install resolved        'grunt-wrap': '^0.3.0',
51 silly install resolved        mocha: '2.1.0',
51 silly install resolved        phantomjs: '^1.9.15',
51 silly install resolved        request: '2.21.0',
51 silly install resolved        'uglify-save-license': '^0.4.1',
51 silly install resolved        upath: '^0.1.5' },
51 silly install resolved     repository: '',
51 silly install resolved     license: 'Telerik',
51 silly install resolved     gitHead: '798871795e6416adfbf3e5cdd10da64c7cf6d524',
51 silly install resolved     _id: 'everlive-sdk@1.6.6',
51 silly install resolved     _shasum: 'ba222f6f7d427df26841755e4e38b26837b6af58',
51 silly install resolved     _from: 'everlive-sdk@*',
51 silly install resolved     _npmVersion: '2.11.3',
51 silly install resolved     _nodeVersion: '0.12.7',
51 silly install resolved     _npmUser:
51 silly install resolved      { name: 'everlive-system',
51 silly install resolved        email: 'alexander.filipov@telerik.com' },
51 silly install resolved     dist:
51 silly install resolved      { shasum: 'ba222f6f7d427df26841755e4e38b26837b6af58',
51 silly install resolved        tarball: 'http://registry.npmjs.org/everlive-sdk/-/everlive-sdk-1.6.6.tgz' },
51 silly install resolved     maintainers: [ [Object] ],
51 silly install resolved     _npmOperationalInternal:
51 silly install resolved      { host: 'packages-6-west.internal.npmjs.com',
51 silly install resolved        tmp: 'tmp/everlive-sdk-1.6.6.tgz_1455543677625_0.8186214687302709' },
51 silly install resolved     directories: {},
51 silly install resolved     _resolved: 'https://registry.npmjs.org/everlive-sdk/-/everlive-sdk-1.6.6.tgz' } ]
52 info install everlive-sdk@1.6.6 into C:\Users\User\Desktop\TeamWork\CareAndShare-NativeScript
53 info installOne everlive-sdk@1.6.6
54 verbose installOne of everlive-sdk to C:\Users\User\Desktop\TeamWork\CareAndShare-NativeScript not in flight; installing
55 verbose lock using C:\Users\User\AppData\Roaming\npm-cache\_locks\everlive-sdk-5f6ba8417076d8b7.lock for C:\Users\User\Desktop\TeamWork\CareAndShare-NativeScript\node_modules\everlive-sdk
56 silly install write writing everlive-sdk 1.6.6 to C:\Users\User\Desktop\TeamWork\CareAndShare-NativeScript\node_modules\everlive-sdk
57 verbose unbuild node_modules\everlive-sdk
58 silly gentlyRm C:\Users\User\Desktop\TeamWork\CareAndShare-NativeScript\node_modules\everlive-sdk is being purged from base C:\Users\User\Desktop\TeamWork\CareAndShare-NativeScript
59 verbose gentlyRm don't care about contents; nuking C:\Users\User\Desktop\TeamWork\CareAndShare-NativeScript\node_modules\everlive-sdk
60 verbose tar unpack C:\Users\User\AppData\Roaming\npm-cache\everlive-sdk\1.6.6\package.tgz
61 verbose tar unpacking to C:\Users\User\Desktop\TeamWork\CareAndShare-NativeScript\node_modules\everlive-sdk
62 silly gentlyRm C:\Users\User\Desktop\TeamWork\CareAndShare-NativeScript\node_modules\everlive-sdk is being purged
63 verbose gentlyRm don't care about contents; nuking C:\Users\User\Desktop\TeamWork\CareAndShare-NativeScript\node_modules\everlive-sdk
64 silly gunzTarPerm modes [ '777', '666' ]
65 silly gunzTarPerm extractEntry package.json
66 silly gunzTarPerm extractEntry .npmignore
67 silly gunzTarPerm extractEntry README.md
68 silly gunzTarPerm extractEntry Gruntfile.js
69 silly gunzTarPerm extractEntry .idea/.name
70 silly gunzTarPerm extractEntry .idea/everlive-js-sdk.iml
71 silly gunzTarPerm extractEntry .idea/jsLibraryMappings.xml
72 silly gunzTarPerm extractEntry .idea/libraries/everlive_js_sdk_node_modules.xml
73 silly gunzTarPerm extractEntry .idea/misc.xml
74 silly gunzTarPerm extractEntry .idea/modules.xml
75 silly gunzTarPerm extractEntry .idea/vcs.xml
76 silly gunzTarPerm extractEntry .idea/workspace.xml
77 silly gunzTarPerm extractEntry el_store/everliveOfflineStorage_h0xvrloxlxt1dps1_TypeWith60Items
78 silly gunzTarPerm extractEntry el_store/everliveOfflineStorage_0ghper8kxhy44xdk%40ContentTypes
79 silly gunzTarPerm extractEntry el_store/everliveOfflineStorage_0ghper8kxhy44xdk_Comments
80 silly gunzTarPerm extractEntry el_store/everliveOfflineStorage_0ghper8kxhy44xdk_TypeWith60Items
81 silly gunzTarPerm extractEntry el_store/everliveOfflineStorage_0ghper8kxhy44xdk_Users
82 silly gunzTarPerm extractEntry el_store/everliveOfflineStorage_2qoxrgf0a5w9jgfu%40ContentTypes
83 silly gunzTarPerm extractEntry el_store/everliveOfflineStorage_2qoxrgf0a5w9jgfu_Activities
84 silly gunzTarPerm extractEntry el_store/everliveOfflineStorage_2qoxrgf0a5w9jgfu_Comments
85 silly gunzTarPerm extractEntry el_store/everliveOfflineStorage_2qoxrgf0a5w9jgfu_TypeWith60Items
86 silly gunzTarPerm extractEntry el_store/everliveOfflineStorage_2qoxrgf0a5w9jgfu_Users
87 silly gunzTarPerm extractEntry el_store/everliveOfflineStorage_7e3jlwy3m17vlz74%40ContentTypes
88 silly gunzTarPerm extractEntry el_store/everliveOfflineStorage_7e3jlwy3m17vlz74_Activities
89 silly gunzTarPerm extractEntry el_store/everliveOfflineStorage_7e3jlwy3m17vlz74_Comments
90 silly gunzTarPerm extractEntry el_store/everliveOfflineStorage_7e3jlwy3m17vlz74_TypeWith60Items
91 silly gunzTarPerm extractEntry el_store/everliveOfflineStorage_7e3jlwy3m17vlz74_Users
92 silly gunzTarPerm extractEntry el_store/everliveOfflineStorage_PR8pBEQMcJzH8eAk%40ContentTypes
93 silly gunzTarPerm extractEntry el_store/everliveOfflineStorage_PR8pBEQMcJzH8eAk_EmailSubscribers
94 silly gunzTarPerm extractEntry el_store/everliveOfflineStorage_h0xvrloxlxt1dps1%40ContentTypes
95 silly gunzTarPerm extractEntry el_store/everliveOfflineStorage_h0xvrloxlxt1dps1_Activities
96 silly gunzTarPerm extractEntry el_store/everliveOfflineStorage_h0xvrloxlxt1dps1_Comments
97 silly gunzTarPerm extractEntry el_store/everliveOfflineStorage_0ghper8kxhy44xdk_Activities
98 silly gunzTarPerm extractEntry el_store/everliveOfflineStorage_h0xvrloxlxt1dps1_Users
99 silly gunzTarPerm extractEntry el_store/everliveOfflineStorage_us61wofv2ph2y00f%40ContentTypes
100 silly gunzTarPerm extractEntry el_store/everliveOfflineStorage_us61wofv2ph2y00f_Activities
101 silly gunzTarPerm extractEntry el_store/everliveOfflineStorage_us61wofv2ph2y00f_Comments
102 silly gunzTarPerm extractEntry el_store/everliveOfflineStorage_us61wofv2ph2y00f_TypeWith60Items
103 silly gunzTarPerm extractEntry el_store/everliveOfflineStorage_us61wofv2ph2y00f_Users
104 silly gunzTarPerm extractEntry el_store/everliveOfflineStorage_wuu7zkykr39yhsro%40ContentTypes
105 silly gunzTarPerm extractEntry el_store/everliveOfflineStorage_wuu7zkykr39yhsro_Activities
106 silly gunzTarPerm extractEntry el_store/everliveOfflineStorage_wuu7zkykr39yhsro_Comments
107 silly gunzTarPerm extractEntry el_store/everliveOfflineStorage_wuu7zkykr39yhsro_TypeWith60Items
108 silly gunzTarPerm extractEntry el_store/everliveOfflineStorage_wuu7zkykr39yhsro_Users
109 silly gunzTarPerm extractEntry el_store/everliveOfflineStorage_x8dtjv1gi4nvlo6y%40ContentTypes
110 silly gunzTarPerm extractEntry el_store/everliveOfflineStorage_x8dtjv1gi4nvlo6y_Activities
111 silly gunzTarPerm extractEntry el_store/everliveOfflineStorage_x8dtjv1gi4nvlo6y_Comments
112 silly gunzTarPerm extractEntry el_store/everliveOfflineStorage_x8dtjv1gi4nvlo6y_TypeWith60Items
113 silly gunzTarPerm extractEntry el_store/everliveOfflineStorage_x8dtjv1gi4nvlo6y_Users
114 silly gunzTarPerm extractEntry el_store/someStorage%40ContentTypes
115 silly gunzTarPerm extractEntry el_store/someStorage_EmailSubscribers
116 silly gunzTarPerm extractEntry el_store/someStorage_Users
117 silly gunzTarPerm extractEntry license
118 silly gunzTarPerm extractEntry scripts/bs-aggregation-translator/package.json
119 silly gunzTarPerm extractEntry scripts/bs-aggregation-translator/index.js
120 silly gunzTarPerm extractEntry scripts/bs-expand-processor/package.json
121 silly gunzTarPerm extractEntry scripts/bs-expand-processor/.npmignore
122 silly gunzTarPerm extractEntry scripts/bs-expand-processor/Constants.js
123 silly gunzTarPerm extractEntry scripts/bs-expand-processor/ExecutionTree.js
124 silly gunzTarPerm extractEntry scripts/bs-expand-processor/ExpandError.js
125 silly gunzTarPerm extractEntry scripts/bs-expand-processor/Processor.js
126 silly gunzTarPerm extractEntry scripts/bs-expand-processor/RelationNode.js
127 silly gunzTarPerm extractEntry scripts/bs-expand-processor/RelationTreeBuilder.js
128 silly gunzTarPerm extractEntry scripts/bs-expand-processor/expand.processor.all.js
129 silly gunzTarPerm extractEntry src/AutoQueue.js
130 silly gunzTarPerm extractEntry src/Expression.js
131 silly gunzTarPerm extractEntry src/GeoPoint.js
132 silly gunzTarPerm extractEntry src/Push.js
133 silly gunzTarPerm extractEntry src/Request.js
134 silly gunzTarPerm extractEntry src/ExpandProcessor.js
135 silly gunzTarPerm extractEntry src/reqwest.nodejs.js
136 silly gunzTarPerm extractEntry src/reqwest.nativescript.js
137 silly gunzTarPerm extractEntry src/common.js
138 silly gunzTarPerm extractEntry src/constants.js
139 silly gunzTarPerm extractEntry src/EventEmitterProxy.js
140 silly gunzTarPerm extractEntry src/EverliveError.js
141 silly gunzTarPerm extractEntry src/index.js
142 silly gunzTarPerm extractEntry src/Everlive.js
143 silly gunzTarPerm extractEntry src/everlive.platform.js
144 silly gunzTarPerm extractEntry src/Setup.js
145 silly gunzTarPerm extractEntry src/utils.js
146 silly gunzTarPerm extractEntry src/query/AggregateQuery.js
147 silly gunzTarPerm extractEntry src/query/DataQuery.js
148 silly gunzTarPerm extractEntry src/query/EventQuery.js
149 silly gunzTarPerm extractEntry src/query/Query.js
150 silly gunzTarPerm extractEntry src/query/QueryBuilder.js
151 silly gunzTarPerm extractEntry src/query/RequestOptionsBuilder.js
152 silly gunzTarPerm extractEntry src/query/WhereQuery.js
153 silly gunzTarPerm extractEntry src/helpers/helpers.js
154 silly gunzTarPerm extractEntry src/helpers/html/htmlHelper.js
155 silly gunzTarPerm extractEntry src/helpers/html/htmlHelperOfflineModule.js
156 silly gunzTarPerm extractEntry src/helpers/html/htmlHelperResponsiveModule.js
157 silly gunzTarPerm extractEntry src/kendo/kendo.everlive.js
158 silly gunzTarPerm extractEntry src/mixins/mixins.js
159 silly gunzTarPerm extractEntry src/mixins/underscoreCompactObject.js
160 silly gunzTarPerm extractEntry src/mixins/underscoreDeepExtend.js
161 silly gunzTarPerm extractEntry src/mixins/underscoreIsObjectEmpty.js
162 silly gunzTarPerm extractEntry src/offline/OfflineFilesModule.js
163 silly gunzTarPerm extractEntry src/offline/OfflineFilesProcessor.js
164 silly gunzTarPerm extractEntry src/offline/OfflineQueryProcessor.js
165 silly gunzTarPerm extractEntry src/offline/OfflineStorageModule.js
166 silly gunzTarPerm extractEntry src/offline/offline.js
167 silly gunzTarPerm extractEntry src/offline/offlinePersisters.js
168 silly gunzTarPerm extractEntry src/offline/offlineTransformations.js
169 silly gunzTarPerm extractEntry src/offline/persisters/BasePersister.js
170 silly gunzTarPerm extractEntry src/offline/persisters/FileSystemPersister.js
171 silly gunzTarPerm extractEntry src/offline/persisters/LocalStoragePersister.js
172 silly gunzTarPerm extractEntry src/push/CordovaCurrentDevice.js
173 silly gunzTarPerm extractEntry src/push/CurrentDevice.js
174 silly gunzTarPerm extractEntry src/push/NativeScriptCurrentDevice.js
175 silly gunzTarPerm extractEntry src/encryption/CryptographicProvider.js
176 silly gunzTarPerm extractEntry src/caching/CacheModule.js
177 silly gunzTarPerm extractEntry src/caching/caching.js
178 silly gunzTarPerm extractEntry src/auth/Authentication.js
179 silly gunzTarPerm extractEntry src/auth/AuthenticationSetup.js
180 silly gunzTarPerm extractEntry src/storages/FileStore.js
181 silly gunzTarPerm extractEntry src/storages/LocalStore.js
182 silly gunzTarPerm extractEntry src/storages/NativeScriptFileStore.js
183 silly gunzTarPerm extractEntry src/storages/WebFileStore.js
184 silly gunzTarPerm extractEntry src/types/Data.js
185 silly gunzTarPerm extractEntry src/types/Files.js
186 silly gunzTarPerm extractEntry src/types/Users.js
187 silly gunzTarPerm extractEntry src/docs/callbacks.js
188 silly gunzTarPerm extractEntry src/docs/resultTypes.js
189 verbose write writing to C:\Users\User\Desktop\TeamWork\CareAndShare-NativeScript\node_modules\everlive-sdk\package.json
190 info preinstall everlive-sdk@1.6.6
191 verbose readDependencies loading dependencies from C:\Users\User\Desktop\TeamWork\CareAndShare-NativeScript\node_modules\everlive-sdk\package.json
192 silly prepareForInstallMany adding jstimezonedetect@1.0.5 from everlive-sdk dependencies
193 silly prepareForInstallMany adding mingo@github:vdininski/mingo from everlive-sdk dependencies
194 silly prepareForInstallMany adding mongo-query@0.5.7 from everlive-sdk dependencies
195 silly prepareForInstallMany adding node-cryptojs-aes@0.4.0 from everlive-sdk dependencies
196 silly prepareForInstallMany adding node-localstorage@0.5.1 from everlive-sdk dependencies
197 silly prepareForInstallMany adding reqwest@1.1.5 from everlive-sdk dependencies
198 silly prepareForInstallMany adding rsvp@3.0.17 from everlive-sdk dependencies
199 silly prepareForInstallMany adding underscore@1.8.2 from everlive-sdk dependencies
200 silly prepareForInstallMany adding json-stable-stringify@1.0.0 from everlive-sdk dependencies
201 verbose readDependencies loading dependencies from C:\Users\User\Desktop\TeamWork\CareAndShare-NativeScript\node_modules\everlive-sdk\package.json
202 silly cache add args [ 'mongo-query@0.5.7', null ]
203 verbose cache add spec mongo-query@0.5.7
204 silly cache add parsed spec { raw: 'mongo-query@0.5.7',
204 silly cache add   scope: null,
204 silly cache add   name: 'mongo-query',
204 silly cache add   rawSpec: '0.5.7',
204 silly cache add   spec: '0.5.7',
204 silly cache add   type: 'version' }
205 silly addNamed mongo-query@0.5.7
206 verbose addNamed "0.5.7" is a plain semver version for mongo-query
207 silly mapToRegistry name mongo-query
208 silly mapToRegistry using default registry
209 silly mapToRegistry registry https://registry.npmjs.org/
210 silly mapToRegistry uri https://registry.npmjs.org/mongo-query
211 verbose addNameVersion registry:https://registry.npmjs.org/mongo-query not in flight; fetching
212 silly cache add args [ 'node-cryptojs-aes@0.4.0', null ]
213 verbose cache add spec node-cryptojs-aes@0.4.0
214 silly cache add parsed spec { raw: 'node-cryptojs-aes@0.4.0',
214 silly cache add   scope: null,
214 silly cache add   name: 'node-cryptojs-aes',
214 silly cache add   rawSpec: '0.4.0',
214 silly cache add   spec: '0.4.0',
214 silly cache add   type: 'version' }
215 silly addNamed node-cryptojs-aes@0.4.0
216 verbose addNamed "0.4.0" is a plain semver version for node-cryptojs-aes
217 silly mapToRegistry name node-cryptojs-aes
218 silly mapToRegistry using default registry
219 silly mapToRegistry registry https://registry.npmjs.org/
220 silly mapToRegistry uri https://registry.npmjs.org/node-cryptojs-aes
221 verbose addNameVersion registry:https://registry.npmjs.org/node-cryptojs-aes not in flight; fetching
222 silly cache add args [ 'node-localstorage@0.5.1', null ]
223 verbose cache add spec node-localstorage@0.5.1
224 silly cache add parsed spec { raw: 'node-localstorage@0.5.1',
224 silly cache add   scope: null,
224 silly cache add   name: 'node-localstorage',
224 silly cache add   rawSpec: '0.5.1',
224 silly cache add   spec: '0.5.1',
224 silly cache add   type: 'version' }
225 silly addNamed node-localstorage@0.5.1
226 verbose addNamed "0.5.1" is a plain semver version for node-localstorage
227 silly mapToRegistry name node-localstorage
228 silly mapToRegistry using default registry
229 silly mapToRegistry registry https://registry.npmjs.org/
230 silly mapToRegistry uri https://registry.npmjs.org/node-localstorage
231 verbose addNameVersion registry:https://registry.npmjs.org/node-localstorage not in flight; fetching
232 silly cache add args [ 'reqwest@1.1.5', null ]
233 verbose cache add spec reqwest@1.1.5
234 silly cache add parsed spec { raw: 'reqwest@1.1.5',
234 silly cache add   scope: null,
234 silly cache add   name: 'reqwest',
234 silly cache add   rawSpec: '1.1.5',
234 silly cache add   spec: '1.1.5',
234 silly cache add   type: 'version' }
235 silly addNamed reqwest@1.1.5
236 verbose addNamed "1.1.5" is a plain semver version for reqwest
237 silly mapToRegistry name reqwest
238 silly mapToRegistry using default registry
239 silly mapToRegistry registry https://registry.npmjs.org/
240 silly mapToRegistry uri https://registry.npmjs.org/reqwest
241 verbose addNameVersion registry:https://registry.npmjs.org/reqwest not in flight; fetching
242 silly cache add args [ 'rsvp@3.0.17', null ]
243 verbose cache add spec rsvp@3.0.17
244 silly cache add parsed spec { raw: 'rsvp@3.0.17',
244 silly cache add   scope: null,
244 silly cache add   name: 'rsvp',
244 silly cache add   rawSpec: '3.0.17',
244 silly cache add   spec: '3.0.17',
244 silly cache add   type: 'version' }
245 silly addNamed rsvp@3.0.17
246 verbose addNamed "3.0.17" is a plain semver version for rsvp
247 silly mapToRegistry name rsvp
248 silly mapToRegistry using default registry
249 silly mapToRegistry registry https://registry.npmjs.org/
250 silly mapToRegistry uri https://registry.npmjs.org/rsvp
251 verbose addNameVersion registry:https://registry.npmjs.org/rsvp not in flight; fetching
252 silly cache add args [ 'underscore@1.8.2', null ]
253 verbose cache add spec underscore@1.8.2
254 silly cache add parsed spec { raw: 'underscore@1.8.2',
254 silly cache add   scope: null,
254 silly cache add   name: 'underscore',
254 silly cache add   rawSpec: '1.8.2',
254 silly cache add   spec: '1.8.2',
254 silly cache add   type: 'version' }
255 silly addNamed underscore@1.8.2
256 verbose addNamed "1.8.2" is a plain semver version for underscore
257 silly mapToRegistry name underscore
258 silly mapToRegistry using default registry
259 silly mapToRegistry registry https://registry.npmjs.org/
260 silly mapToRegistry uri https://registry.npmjs.org/underscore
261 verbose addNameVersion registry:https://registry.npmjs.org/underscore not in flight; fetching
262 silly cache add args [ 'json-stable-stringify@1.0.0', null ]
263 verbose cache add spec json-stable-stringify@1.0.0
264 silly cache add parsed spec { raw: 'json-stable-stringify@1.0.0',
264 silly cache add   scope: null,
264 silly cache add   name: 'json-stable-stringify',
264 silly cache add   rawSpec: '1.0.0',
264 silly cache add   spec: '1.0.0',
264 silly cache add   type: 'version' }
265 silly addNamed json-stable-stringify@1.0.0
266 verbose addNamed "1.0.0" is a plain semver version for json-stable-stringify
267 silly mapToRegistry name json-stable-stringify
268 silly mapToRegistry using default registry
269 silly mapToRegistry registry https://registry.npmjs.org/
270 silly mapToRegistry uri https://registry.npmjs.org/json-stable-stringify
271 verbose addNameVersion registry:https://registry.npmjs.org/json-stable-stringify not in flight; fetching
272 silly cache add args [ 'jstimezonedetect@1.0.5', null ]
273 verbose cache add spec jstimezonedetect@1.0.5
274 silly cache add parsed spec { raw: 'jstimezonedetect@1.0.5',
274 silly cache add   scope: null,
274 silly cache add   name: 'jstimezonedetect',
274 silly cache add   rawSpec: '1.0.5',
274 silly cache add   spec: '1.0.5',
274 silly cache add   type: 'version' }
275 silly addNamed jstimezonedetect@1.0.5
276 verbose addNamed "1.0.5" is a plain semver version for jstimezonedetect
277 silly mapToRegistry name jstimezonedetect
278 silly mapToRegistry using default registry
279 silly mapToRegistry registry https://registry.npmjs.org/
280 silly mapToRegistry uri https://registry.npmjs.org/jstimezonedetect
281 verbose addNameVersion registry:https://registry.npmjs.org/jstimezonedetect not in flight; fetching
282 silly cache add args [ 'mingo@github:vdininski/mingo', null ]
283 verbose cache add spec mingo@github:vdininski/mingo
284 verbose request uri https://registry.npmjs.org/mongo-query
285 verbose request no auth needed
286 info attempt registry request try #1 at 21:37:06
287 http request GET https://registry.npmjs.org/mongo-query
288 verbose request uri https://registry.npmjs.org/node-cryptojs-aes
289 verbose request no auth needed
290 info attempt registry request try #1 at 21:37:06
291 http request GET https://registry.npmjs.org/node-cryptojs-aes
292 verbose request uri https://registry.npmjs.org/node-localstorage
293 verbose request no auth needed
294 info attempt registry request try #1 at 21:37:06
295 http request GET https://registry.npmjs.org/node-localstorage
296 verbose request uri https://registry.npmjs.org/reqwest
297 verbose request no auth needed
298 info attempt registry request try #1 at 21:37:06
299 http request GET https://registry.npmjs.org/reqwest
300 verbose request uri https://registry.npmjs.org/json-stable-stringify
301 verbose request no auth needed
302 info attempt registry request try #1 at 21:37:06
303 http request GET https://registry.npmjs.org/json-stable-stringify
304 verbose request uri https://registry.npmjs.org/jstimezonedetect
305 verbose request no auth needed
306 info attempt registry request try #1 at 21:37:06
307 http request GET https://registry.npmjs.org/jstimezonedetect
308 silly cache add parsed spec { raw: 'mingo@github:vdininski/mingo',
308 silly cache add   scope: null,
308 silly cache add   name: 'mingo',
308 silly cache add   rawSpec: 'github:vdininski/mingo',
308 silly cache add   spec: 'github:vdininski/mingo',
308 silly cache add   type: 'hosted',
308 silly cache add   hosted:
308 silly cache add    { type: 'github',
308 silly cache add      ssh: 'git@github.com:vdininski/mingo.git',
308 silly cache add      sshUrl: 'git+ssh://git@github.com/vdininski/mingo.git',
308 silly cache add      httpsUrl: 'git+https://github.com/vdininski/mingo.git',
308 silly cache add      gitUrl: 'git://github.com/vdininski/mingo.git',
308 silly cache add      shortcut: 'github:vdininski/mingo',
308 silly cache add      directUrl: 'https://raw.githubusercontent.com/vdininski/mingo/master/package.json' } }
309 verbose addRemoteGit caching github:vdininski/mingo
310 verbose addRemoteGit vdininski/mingo is a repository hosted by github
311 silly tryGitProto attempting to clone git://github.com/vdininski/mingo.git
312 silly tryClone cloning vdininski/mingo via git://github.com/vdininski/mingo.git
313 verbose tryClone git-github-com-vdininski-mingo-git-a7f2362d not in flight; caching
314 verbose request uri https://registry.npmjs.org/rsvp
315 verbose request no auth needed
316 info attempt registry request try #1 at 21:37:06
317 verbose etag "EZ6HZVRCUGZYCTGLUDOZHYO8F"
318 http request GET https://registry.npmjs.org/rsvp
319 verbose request uri https://registry.npmjs.org/underscore
320 verbose request no auth needed
321 info attempt registry request try #1 at 21:37:06
322 verbose etag "6W5I9U6EM7415LAVPKPFH6TGJ"
323 http request GET https://registry.npmjs.org/underscore
324 verbose git clone --template=C:\Users\User\AppData\Roaming\npm-cache\_git-remotes\_templates --mirror git://github.com/vdininski/mingo.git C:\Users\User\AppData\Roaming\npm-cache\_git-remotes\git-github-com-vdininski-mingo-git-a7f2362d: undefined
324 verbose git clone --template=C:\Users\User\AppData\Roaming\npm-cache\_git-remotes\_templates --mirror git://github.com/vdininski/mingo.git C:\Users\User\AppData\Roaming\npm-cache\_git-remotes\git-github-com-vdininski-mingo-git-a7f2362d: undefined
325 silly tryHTTPS attempting to clone git+https://github.com/vdininski/mingo.git
326 silly tryClone cloning vdininski/mingo via git+https://github.com/vdininski/mingo.git
327 verbose tryClone https-github-com-vdininski-mingo-git-e0a5072b not in flight; caching
328 verbose git clone --template=C:\Users\User\AppData\Roaming\npm-cache\_git-remotes\_templates --mirror https://github.com/vdininski/mingo.git C:\Users\User\AppData\Roaming\npm-cache\_git-remotes\https-github-com-vdininski-mingo-git-e0a5072b: undefined
328 verbose git clone --template=C:\Users\User\AppData\Roaming\npm-cache\_git-remotes\_templates --mirror https://github.com/vdininski/mingo.git C:\Users\User\AppData\Roaming\npm-cache\_git-remotes\https-github-com-vdininski-mingo-git-e0a5072b: undefined
329 silly trySSH attempting to clone git@github.com:vdininski/mingo.git
330 silly tryClone cloning vdininski/mingo via git@github.com:vdininski/mingo.git
331 verbose tryClone git-github-com-vdininski-mingo-git-29b002f0 not in flight; caching
332 error git clone --template=C:\Users\User\AppData\Roaming\npm-cache\_git-remotes\_templates --mirror git@github.com:vdininski/mingo.git C:\Users\User\AppData\Roaming\npm-cache\_git-remotes\git-github-com-vdininski-mingo-git-29b002f0: undefined
332 error git clone --template=C:\Users\User\AppData\Roaming\npm-cache\_git-remotes\_templates --mirror git@github.com:vdininski/mingo.git C:\Users\User\AppData\Roaming\npm-cache\_git-remotes\git-github-com-vdininski-mingo-git-29b002f0: undefined
333 http 200 https://registry.npmjs.org/json-stable-stringify
334 silly get cb [ 200,
334 silly get   { server: 'CouchDB/1.5.0 (Erlang OTP/R16B03)',
334 silly get     etag: '"60SPYA4VNEFYNAVQR51G6M05Y"',
334 silly get     'content-type': 'application/json',
334 silly get     'cache-control': 'max-age=300',
334 silly get     'content-length': '14087',
334 silly get     'accept-ranges': 'bytes',
334 silly get     date: 'Tue, 16 Feb 2016 19:37:18 GMT',
334 silly get     via: '1.1 varnish',
334 silly get     age: '269',
334 silly get     connection: 'keep-alive',
334 silly get     'x-served-by': 'cache-ams4137-AMS',
334 silly get     'x-cache': 'HIT',
334 silly get     'x-cache-hits': '2',
334 silly get     'x-timer': 'S1455651438.251770,VS0,VE0',
334 silly get     vary: 'Accept' } ]
335 verbose get saving json-stable-stringify to C:\Users\User\AppData\Roaming\npm-cache\registry.npmjs.org\json-stable-stringify\.cache.json
336 silly mapToRegistry name json-stable-stringify
337 silly mapToRegistry using default registry
338 silly mapToRegistry registry https://registry.npmjs.org/
339 silly mapToRegistry uri https://registry.npmjs.org/json-stable-stringify
340 verbose addRemoteTarball https://registry.npmjs.org/json-stable-stringify/-/json-stable-stringify-1.0.0.tgz not in flight; adding
341 verbose addRemoteTarball [ 'https://registry.npmjs.org/json-stable-stringify/-/json-stable-stringify-1.0.0.tgz',
341 verbose addRemoteTarball   '5e26859cf49968cfa499533413443578ee04d251' ]
342 info retry fetch attempt 1 at 21:37:06
343 info attempt registry request try #1 at 21:37:06
344 http fetch GET https://registry.npmjs.org/json-stable-stringify/-/json-stable-stringify-1.0.0.tgz
345 http 200 https://registry.npmjs.org/underscore
346 silly get cb [ 200,
346 silly get   { server: 'CouchDB/1.5.0 (Erlang OTP/R16B03)',
346 silly get     etag: '"D0CB91J2JPVL5YR3D7JUMT56U"',
346 silly get     'content-type': 'application/json',
346 silly get     'cache-control': 'max-age=300',
346 silly get     'content-length': '42351',
346 silly get     'accept-ranges': 'bytes',
346 silly get     date: 'Tue, 16 Feb 2016 19:37:18 GMT',
346 silly get     via: '1.1 varnish',
346 silly get     age: '154',
346 silly get     connection: 'keep-alive',
346 silly get     'x-served-by': 'cache-ams4134-AMS',
346 silly get     'x-cache': 'HIT',
346 silly get     'x-cache-hits': '6',
346 silly get     'x-timer': 'S1455651438.261909,VS0,VE0',
346 silly get     vary: 'Accept' } ]
347 verbose get saving underscore to C:\Users\User\AppData\Roaming\npm-cache\registry.npmjs.org\underscore\.cache.json
348 silly mapToRegistry name underscore
349 silly mapToRegistry using default registry
350 silly mapToRegistry registry https://registry.npmjs.org/
351 silly mapToRegistry uri https://registry.npmjs.org/underscore
352 verbose addRemoteTarball https://registry.npmjs.org/underscore/-/underscore-1.8.2.tgz not in flight; adding
353 verbose addRemoteTarball [ 'https://registry.npmjs.org/underscore/-/underscore-1.8.2.tgz',
353 verbose addRemoteTarball   '64df2eb590899de950782f3735190ba42ebf311d' ]
354 info retry fetch attempt 1 at 21:37:06
355 info attempt registry request try #1 at 21:37:06
356 http fetch GET https://registry.npmjs.org/underscore/-/underscore-1.8.2.tgz
357 http 200 https://registry.npmjs.org/rsvp
358 silly get cb [ 200,
358 silly get   { server: 'CouchDB/1.5.0 (Erlang OTP/R16B03)',
358 silly get     etag: '"AZLEGI5XPF2K2S9SCIO8BCRU8"',
358 silly get     'content-type': 'application/json',
358 silly get     'cache-control': 'max-age=300',
358 silly get     'content-length': '68469',
358 silly get     'accept-ranges': 'bytes',
358 silly get     date: 'Tue, 16 Feb 2016 19:37:18 GMT',
358 silly get     via: '1.1 varnish',
358 silly get     age: '150',
358 silly get     connection: 'keep-alive',
358 silly get     'x-served-by': 'cache-ams4148-AMS',
358 silly get     'x-cache': 'HIT',
358 silly get     'x-cache-hits': '1',
358 silly get     'x-timer': 'S1455651438.262104,VS0,VE0',
358 silly get     vary: 'Accept' } ]
359 verbose get saving rsvp to C:\Users\User\AppData\Roaming\npm-cache\registry.npmjs.org\rsvp\.cache.json
360 http fetch 200 https://registry.npmjs.org/json-stable-stringify/-/json-stable-stringify-1.0.0.tgz
361 silly fetchAndShaCheck shasum 5e26859cf49968cfa499533413443578ee04d251
362 verbose addTmpTarball C:\Users\User\AppData\Local\Temp\npm-3664-14ebe321\registry.npmjs.org\json-stable-stringify\-\json-stable-stringify-1.0.0.tgz not in flight; adding
363 verbose addTmpTarball already have metadata; skipping unpack for json-stable-stringify@1.0.0
364 silly mapToRegistry name rsvp
365 silly mapToRegistry using default registry
366 silly mapToRegistry registry https://registry.npmjs.org/
367 silly mapToRegistry uri https://registry.npmjs.org/rsvp
368 verbose addRemoteTarball https://registry.npmjs.org/rsvp/-/rsvp-3.0.17.tgz not in flight; adding
369 verbose addRemoteTarball [ 'https://registry.npmjs.org/rsvp/-/rsvp-3.0.17.tgz',
369 verbose addRemoteTarball   'd0f7949f2b22aff60774b73f4b5d629cae057836' ]
370 info retry fetch attempt 1 at 21:37:07
371 info attempt registry request try #1 at 21:37:07
372 http fetch GET https://registry.npmjs.org/rsvp/-/rsvp-3.0.17.tgz
373 silly cache afterAdd json-stable-stringify@1.0.0
374 verbose afterAdd C:\Users\User\AppData\Roaming\npm-cache\json-stable-stringify\1.0.0\package\package.json not in flight; writing
375 verbose afterAdd C:\Users\User\AppData\Roaming\npm-cache\json-stable-stringify\1.0.0\package\package.json written
376 http fetch 200 https://registry.npmjs.org/underscore/-/underscore-1.8.2.tgz
377 http 200 https://registry.npmjs.org/jstimezonedetect
378 silly get cb [ 200,
378 silly get   { server: 'CouchDB/1.5.0 (Erlang OTP/R16B03)',
378 silly get     etag: '"3PVJZU7JPLLV77V6DKAPQ078X"',
378 silly get     'content-type': 'application/json',
378 silly get     'cache-control': 'max-age=300',
378 silly get     'content-length': '6163',
378 silly get     'accept-ranges': 'bytes',
378 silly get     date: 'Tue, 16 Feb 2016 19:37:18 GMT',
378 silly get     via: '1.1 varnish',
378 silly get     age: '0',
378 silly get     connection: 'keep-alive',
378 silly get     'x-served-by': 'cache-ams4126-AMS',
378 silly get     'x-cache': 'HIT',
378 silly get     'x-cache-hits': '1',
378 silly get     'x-timer': 'S1455651438.225859,VS0,VE690',
378 silly get     vary: 'Accept' } ]
379 verbose get saving jstimezonedetect to C:\Users\User\AppData\Roaming\npm-cache\registry.npmjs.org\jstimezonedetect\.cache.json
380 silly mapToRegistry name jstimezonedetect
381 silly mapToRegistry using default registry
382 silly mapToRegistry registry https://registry.npmjs.org/
383 silly mapToRegistry uri https://registry.npmjs.org/jstimezonedetect
384 verbose addRemoteTarball https://registry.npmjs.org/jstimezonedetect/-/jstimezonedetect-1.0.5.tgz not in flight; adding
385 verbose addRemoteTarball [ 'https://registry.npmjs.org/jstimezonedetect/-/jstimezonedetect-1.0.5.tgz',
385 verbose addRemoteTarball   '93d035cd20e8c7d64eb1375cf5aa7a10a024466a' ]
386 info retry fetch attempt 1 at 21:37:07
387 info attempt registry request try #1 at 21:37:07
388 http fetch GET https://registry.npmjs.org/jstimezonedetect/-/jstimezonedetect-1.0.5.tgz
389 silly fetchAndShaCheck shasum 64df2eb590899de950782f3735190ba42ebf311d
390 verbose addTmpTarball C:\Users\User\AppData\Local\Temp\npm-3664-14ebe321\registry.npmjs.org\underscore\-\underscore-1.8.2.tgz not in flight; adding
391 verbose addTmpTarball already have metadata; skipping unpack for underscore@1.8.2
392 silly cache afterAdd underscore@1.8.2
393 verbose afterAdd C:\Users\User\AppData\Roaming\npm-cache\underscore\1.8.2\package\package.json not in flight; writing
394 verbose afterAdd C:\Users\User\AppData\Roaming\npm-cache\underscore\1.8.2\package\package.json written
395 http fetch 200 https://registry.npmjs.org/rsvp/-/rsvp-3.0.17.tgz
396 http 200 https://registry.npmjs.org/mongo-query
397 silly get cb [ 200,
397 silly get   { server: 'CouchDB/1.5.0 (Erlang OTP/R16B03)',
397 silly get     etag: '"2CXX05E5RSXJZHFA0E13O4J5X"',
397 silly get     'content-type': 'application/json',
397 silly get     'cache-control': 'max-age=300',
397 silly get     'content-length': '12408',
397 silly get     'accept-ranges': 'bytes',
397 silly get     date: 'Tue, 16 Feb 2016 19:37:18 GMT',
397 silly get     via: '1.1 varnish',
397 silly get     age: '0',
397 silly get     connection: 'keep-alive',
397 silly get     'x-served-by': 'cache-ams4135-AMS',
397 silly get     'x-cache': 'MISS',
397 silly get     'x-cache-hits': '0',
397 silly get     'x-timer': 'S1455651438.222540,VS0,VE739',
397 silly get     vary: 'Accept' } ]
398 verbose get saving mongo-query to C:\Users\User\AppData\Roaming\npm-cache\registry.npmjs.org\mongo-query\.cache.json
399 silly mapToRegistry name mongo-query
400 silly mapToRegistry using default registry
401 silly mapToRegistry registry https://registry.npmjs.org/
402 silly mapToRegistry uri https://registry.npmjs.org/mongo-query
403 verbose addRemoteTarball https://registry.npmjs.org/mongo-query/-/mongo-query-0.5.7.tgz not in flight; adding
404 verbose addRemoteTarball [ 'https://registry.npmjs.org/mongo-query/-/mongo-query-0.5.7.tgz',
404 verbose addRemoteTarball   'accf6d2a4cda959adc7bfb47f9297760f7275997' ]
405 info retry fetch attempt 1 at 21:37:07
406 info attempt registry request try #1 at 21:37:07
407 http fetch GET https://registry.npmjs.org/mongo-query/-/mongo-query-0.5.7.tgz
408 http 200 https://registry.npmjs.org/node-localstorage
409 silly get cb [ 200,
409 silly get   { server: 'CouchDB/1.5.0 (Erlang OTP/R16B03)',
409 silly get     etag: '"B3OQWBIATRVCCUGLAF72YGJUV"',
409 silly get     'content-type': 'application/json',
409 silly get     'cache-control': 'max-age=300',
409 silly get     'content-length': '31024',
409 silly get     'accept-ranges': 'bytes',
409 silly get     date: 'Tue, 16 Feb 2016 19:37:18 GMT',
409 silly get     via: '1.1 varnish',
409 silly get     age: '0',
409 silly get     connection: 'keep-alive',
409 silly get     'x-served-by': 'cache-ams4120-AMS',
409 silly get     'x-cache': 'HIT',
409 silly get     'x-cache-hits': '1',
409 silly get     'x-timer': 'S1455651438.225814,VS0,VE749',
409 silly get     vary: 'Accept' } ]
410 verbose get saving node-localstorage to C:\Users\User\AppData\Roaming\npm-cache\registry.npmjs.org\node-localstorage\.cache.json
411 silly mapToRegistry name node-localstorage
412 silly mapToRegistry using default registry
413 silly mapToRegistry registry https://registry.npmjs.org/
414 silly mapToRegistry uri https://registry.npmjs.org/node-localstorage
415 verbose addRemoteTarball https://registry.npmjs.org/node-localstorage/-/node-localstorage-0.5.1.tgz not in flight; adding
416 verbose addRemoteTarball [ 'https://registry.npmjs.org/node-localstorage/-/node-localstorage-0.5.1.tgz',
416 verbose addRemoteTarball   '5ceb41ade8e4ac512ae6ad7a3d9caf62bd58051a' ]
417 info retry fetch attempt 1 at 21:37:07
418 info attempt registry request try #1 at 21:37:07
419 http fetch GET https://registry.npmjs.org/node-localstorage/-/node-localstorage-0.5.1.tgz
420 http 200 https://registry.npmjs.org/node-cryptojs-aes
421 silly get cb [ 200,
421 silly get   { server: 'CouchDB/1.5.0 (Erlang OTP/R16B03)',
421 silly get     etag: '"EW37GHU0TZOO248YTYCR77TUL"',
421 silly get     'content-type': 'application/json',
421 silly get     'cache-control': 'max-age=300',
421 silly get     'content-length': '22505',
421 silly get     'accept-ranges': 'bytes',
421 silly get     date: 'Tue, 16 Feb 2016 19:37:19 GMT',
421 silly get     via: '1.1 varnish',
421 silly get     age: '0',
421 silly get     connection: 'keep-alive',
421 silly get     'x-served-by': 'cache-ams4149-AMS',
421 silly get     'x-cache': 'MISS',
421 silly get     'x-cache-hits': '0',
421 silly get     'x-timer': 'S1455651438.261799,VS0,VE904',
421 silly get     vary: 'Accept' } ]
422 verbose get saving node-cryptojs-aes to C:\Users\User\AppData\Roaming\npm-cache\registry.npmjs.org\node-cryptojs-aes\.cache.json
423 silly mapToRegistry name node-cryptojs-aes
424 silly mapToRegistry using default registry
425 silly mapToRegistry registry https://registry.npmjs.org/
426 silly mapToRegistry uri https://registry.npmjs.org/node-cryptojs-aes
427 verbose addRemoteTarball https://registry.npmjs.org/node-cryptojs-aes/-/node-cryptojs-aes-0.4.0.tgz not in flight; adding
428 verbose addRemoteTarball [ 'https://registry.npmjs.org/node-cryptojs-aes/-/node-cryptojs-aes-0.4.0.tgz',
428 verbose addRemoteTarball   '64cfba80c1fbc9fac347c8eb2c2c12adbd3a8a07' ]
429 info retry fetch attempt 1 at 21:37:07
430 info attempt registry request try #1 at 21:37:07
431 http fetch GET https://registry.npmjs.org/node-cryptojs-aes/-/node-cryptojs-aes-0.4.0.tgz
432 http fetch 200 https://registry.npmjs.org/jstimezonedetect/-/jstimezonedetect-1.0.5.tgz
433 http 200 https://registry.npmjs.org/reqwest
434 silly get cb [ 200,
434 silly get   { server: 'CouchDB/1.5.0 (Erlang OTP/R16B03)',
434 silly get     etag: '"7D9OKAGF1Q9L3XA0U71519V9A"',
434 silly get     'content-type': 'application/json',
434 silly get     'cache-control': 'max-age=300',
434 silly get     'content-length': '82984',
434 silly get     'accept-ranges': 'bytes',
434 silly get     date: 'Tue, 16 Feb 2016 19:37:18 GMT',
434 silly get     via: '1.1 varnish',
434 silly get     age: '0',
434 silly get     connection: 'keep-alive',
434 silly get     'x-served-by': 'cache-ams4128-AMS',
434 silly get     'x-cache': 'HIT',
434 silly get     'x-cache-hits': '1',
434 silly get     'x-timer': 'S1455651438.246145,VS0,VE714',
434 silly get     vary: 'Accept' } ]
435 verbose get saving reqwest to C:\Users\User\AppData\Roaming\npm-cache\registry.npmjs.org\reqwest\.cache.json
436 silly mapToRegistry name reqwest
437 silly mapToRegistry using default registry
438 silly mapToRegistry registry https://registry.npmjs.org/
439 silly mapToRegistry uri https://registry.npmjs.org/reqwest
440 verbose addRemoteTarball https://registry.npmjs.org/reqwest/-/reqwest-1.1.5.tgz not in flight; adding
441 verbose addRemoteTarball [ 'https://registry.npmjs.org/reqwest/-/reqwest-1.1.5.tgz',
441 verbose addRemoteTarball   'eb756d96dbaf0819ce51f27a7c0837711e468c12' ]
442 info retry fetch attempt 1 at 21:37:07
443 info attempt registry request try #1 at 21:37:07
444 http fetch GET https://registry.npmjs.org/reqwest/-/reqwest-1.1.5.tgz
445 silly fetchAndShaCheck shasum 93d035cd20e8c7d64eb1375cf5aa7a10a024466a
446 verbose addTmpTarball C:\Users\User\AppData\Local\Temp\npm-3664-14ebe321\registry.npmjs.org\jstimezonedetect\-\jstimezonedetect-1.0.5.tgz not in flight; adding
447 verbose addTmpTarball already have metadata; skipping unpack for jstimezonedetect@1.0.5
448 silly cache afterAdd jstimezonedetect@1.0.5
449 verbose afterAdd C:\Users\User\AppData\Roaming\npm-cache\jstimezonedetect\1.0.5\package\package.json not in flight; writing
450 verbose afterAdd C:\Users\User\AppData\Roaming\npm-cache\jstimezonedetect\1.0.5\package\package.json written
451 silly fetchAndShaCheck shasum d0f7949f2b22aff60774b73f4b5d629cae057836
452 verbose addTmpTarball C:\Users\User\AppData\Local\Temp\npm-3664-14ebe321\registry.npmjs.org\rsvp\-\rsvp-3.0.17.tgz not in flight; adding
453 verbose addTmpTarball already have metadata; skipping unpack for rsvp@3.0.17
454 silly cache afterAdd rsvp@3.0.17
455 verbose afterAdd C:\Users\User\AppData\Roaming\npm-cache\rsvp\3.0.17\package\package.json not in flight; writing
456 verbose afterAdd C:\Users\User\AppData\Roaming\npm-cache\rsvp\3.0.17\package\package.json written
457 http fetch 200 https://registry.npmjs.org/mongo-query/-/mongo-query-0.5.7.tgz
458 silly fetchAndShaCheck shasum accf6d2a4cda959adc7bfb47f9297760f7275997
459 verbose addTmpTarball C:\Users\User\AppData\Local\Temp\npm-3664-14ebe321\registry.npmjs.org\mongo-query\-\mongo-query-0.5.7.tgz not in flight; adding
460 verbose addTmpTarball already have metadata; skipping unpack for mongo-query@0.5.7
461 silly cache afterAdd mongo-query@0.5.7
462 verbose afterAdd C:\Users\User\AppData\Roaming\npm-cache\mongo-query\0.5.7\package\package.json not in flight; writing
463 verbose afterAdd C:\Users\User\AppData\Roaming\npm-cache\mongo-query\0.5.7\package\package.json written
464 http fetch 200 https://registry.npmjs.org/node-localstorage/-/node-localstorage-0.5.1.tgz
465 silly fetchAndShaCheck shasum 5ceb41ade8e4ac512ae6ad7a3d9caf62bd58051a
466 verbose addTmpTarball C:\Users\User\AppData\Local\Temp\npm-3664-14ebe321\registry.npmjs.org\node-localstorage\-\node-localstorage-0.5.1.tgz not in flight; adding
467 verbose addTmpTarball already have metadata; skipping unpack for node-localstorage@0.5.1
468 silly cache afterAdd node-localstorage@0.5.1
469 verbose afterAdd C:\Users\User\AppData\Roaming\npm-cache\node-localstorage\0.5.1\package\package.json not in flight; writing
470 verbose afterAdd C:\Users\User\AppData\Roaming\npm-cache\node-localstorage\0.5.1\package\package.json written
471 http fetch 200 https://registry.npmjs.org/node-cryptojs-aes/-/node-cryptojs-aes-0.4.0.tgz
472 http fetch 200 https://registry.npmjs.org/reqwest/-/reqwest-1.1.5.tgz
473 silly fetchAndShaCheck shasum 64cfba80c1fbc9fac347c8eb2c2c12adbd3a8a07
474 verbose addTmpTarball C:\Users\User\AppData\Local\Temp\npm-3664-14ebe321\registry.npmjs.org\node-cryptojs-aes\-\node-cryptojs-aes-0.4.0.tgz not in flight; adding
475 verbose addTmpTarball already have metadata; skipping unpack for node-cryptojs-aes@0.4.0
476 silly cache afterAdd node-cryptojs-aes@0.4.0
477 verbose afterAdd C:\Users\User\AppData\Roaming\npm-cache\node-cryptojs-aes\0.4.0\package\package.json not in flight; writing
478 verbose afterAdd C:\Users\User\AppData\Roaming\npm-cache\node-cryptojs-aes\0.4.0\package\package.json written
479 silly fetchAndShaCheck shasum eb756d96dbaf0819ce51f27a7c0837711e468c12
480 verbose addTmpTarball C:\Users\User\AppData\Local\Temp\npm-3664-14ebe321\registry.npmjs.org\reqwest\-\reqwest-1.1.5.tgz not in flight; adding
481 verbose addTmpTarball already have metadata; skipping unpack for reqwest@1.1.5
482 silly cache afterAdd reqwest@1.1.5
483 verbose afterAdd C:\Users\User\AppData\Roaming\npm-cache\reqwest\1.1.5\package\package.json not in flight; writing
484 verbose afterAdd C:\Users\User\AppData\Roaming\npm-cache\reqwest\1.1.5\package\package.json written
485 verbose about to build C:\Users\User\Desktop\TeamWork\CareAndShare-NativeScript\node_modules\everlive-sdk
486 verbose unlock done using C:\Users\User\AppData\Roaming\npm-cache\_locks\everlive-sdk-5f6ba8417076d8b7.lock for C:\Users\User\Desktop\TeamWork\CareAndShare-NativeScript\node_modules\everlive-sdk
487 verbose stack Error: not found: git
487 verbose stack     at F (C:\Program Files\nodejs\node_modules\npm\node_modules\which\which.js:72:28)
487 verbose stack     at E (C:\Program Files\nodejs\node_modules\npm\node_modules\which\which.js:75:29)
487 verbose stack     at C:\Program Files\nodejs\node_modules\npm\node_modules\which\which.js:83:16
487 verbose stack     at FSReqWrap.oncomplete (fs.js:95:15)
488 verbose cwd C:\Users\User\Desktop\TeamWork\CareAndShare-NativeScript
489 error Windows_NT 6.3.9600
490 error argv "C:\\Program Files\\nodejs\\\\node.exe" "C:\\Program Files\\nodejs\\node_modules\\npm\\bin\\npm-cli.js" "install" "everlive-sdk" "-save"
491 error node v0.12.7
492 error npm  v2.11.3
493 error code ENOGIT
494 error not found: git
495 error Failed using git.
495 error This is most likely not a problem with npm itself.
495 error Please check if you have git installed and in your PATH.
496 verbose exit [ 1, true ]
497 verbose unbuild node_modules\everlive-sdk
498 info preuninstall everlive-sdk@1.6.6
499 info uninstall everlive-sdk@1.6.6
500 verbose unbuild rmStuff everlive-sdk@1.6.6 from C:\Users\User\Desktop\TeamWork\CareAndShare-NativeScript\node_modules
501 info postuninstall everlive-sdk@1.6.6
502 silly gentlyRm C:\Users\User\Desktop\TeamWork\CareAndShare-NativeScript\node_modules\everlive-sdk is being purged from base C:\Users\User\Desktop\TeamWork\CareAndShare-NativeScript
503 verbose gentlyRm don't care about contents; nuking C:\Users\User\Desktop\TeamWork\CareAndShare-NativeScript\node_modules\everlive-sdk
504 silly vacuum-fs purging C:\Users\User\Desktop\TeamWork\CareAndShare-NativeScript\node_modules\everlive-sdk
505 silly vacuum-fs quitting because other entries in C:\Users\User\Desktop\TeamWork\CareAndShare-NativeScript\node_modules
